2020-11-19 11:26:50.611  INFO 25160 --- [restartedMain] c.d.library.api.LibraryApiApplication    : Starting LibraryApiApplication on dailan-Latitude-E6430 with PID 25160 (/home/dailan/projetos/estudo/library-api/target/classes started by dailan in /home/dailan/projetos/estudo/library-api)
2020-11-19 11:26:50.619  INFO 25160 --- [restartedMain] c.d.library.api.LibraryApiApplication    : No active profile set, falling back to default profiles: default
2020-11-19 11:26:50.892  INFO 25160 --- [restartedMain] .e.DevToolsPropertyDefaultsPostProcessor : Devtools property defaults active! Set 'spring.devtools.add-properties' to 'false' to disable
2020-11-19 11:26:50.893  INFO 25160 --- [restartedMain] .e.DevToolsPropertyDefaultsPostProcessor : For additional web related logging consider setting the 'logging.level.web' property to 'DEBUG'
2020-11-19 11:26:54.736  INFO 25160 --- [restartedMain] .s.d.r.c.RepositoryConfigurationDelegate : Bootstrapping Spring Data JPA repositories in DEFERRED mode.
2020-11-19 11:26:54.838  INFO 25160 --- [restartedMain] .s.d.r.c.RepositoryConfigurationDelegate : Finished Spring Data repository scanning in 90ms. Found 2 JPA repository interfaces.
2020-11-19 11:26:55.807  INFO 25160 --- [restartedMain] o.s.b.w.embedded.tomcat.TomcatWebServer  : Tomcat initialized with port(s): 8080 (http)
2020-11-19 11:26:55.820  INFO 25160 --- [restartedMain] o.apache.catalina.core.StandardService   : Starting service [Tomcat]
2020-11-19 11:26:55.821  INFO 25160 --- [restartedMain] org.apache.catalina.core.StandardEngine  : Starting Servlet engine: [Apache Tomcat/9.0.38]
2020-11-19 11:26:55.925  INFO 25160 --- [restartedMain] o.a.c.c.C.[Tomcat].[localhost].[/]       : Initializing Spring embedded WebApplicationContext
2020-11-19 11:26:55.926  INFO 25160 --- [restartedMain] w.s.c.ServletWebServerApplicationContext : Root WebApplicationContext: initialization completed in 5033 ms
2020-11-19 11:26:56.164  INFO 25160 --- [restartedMain] com.zaxxer.hikari.HikariDataSource       : HikariPool-1 - Starting...
2020-11-19 11:26:56.299  INFO 25160 --- [restartedMain] com.zaxxer.hikari.HikariDataSource       : HikariPool-1 - Start completed.
2020-11-19 11:26:56.307  INFO 25160 --- [restartedMain] o.s.b.a.h2.H2ConsoleAutoConfiguration    : H2 console available at '/h2-console'. Database available at 'jdbc:h2:mem:a4f16ce9-252c-4dc2-9164-201646f19b21'
2020-11-19 11:26:56.522  INFO 25160 --- [restartedMain] o.s.s.concurrent.ThreadPoolTaskExecutor  : Initializing ExecutorService 'applicationTaskExecutor'
2020-11-19 11:26:56.537  INFO 25160 --- [restartedMain] o.s.s.c.ThreadPoolTaskScheduler          : Initializing ExecutorService 'taskScheduler'
2020-11-19 11:26:56.649  INFO 25160 --- [task-1] o.hibernate.jpa.internal.util.LogHelper  : HHH000204: Processing PersistenceUnitInfo [name: default]
2020-11-19 11:26:56.739  INFO 25160 --- [task-1] org.hibernate.Version                    : HHH000412: Hibernate ORM core version 5.4.21.Final
2020-11-19 11:26:56.890  INFO 25160 --- [task-1] o.hibernate.annotations.common.Version   : HCANN000001: Hibernate Commons Annotations {5.1.0.Final}
2020-11-19 11:26:57.068  INFO 25160 --- [task-1] org.hibernate.dialect.Dialect            : HHH000400: Using dialect: org.hibernate.dialect.H2Dialect
2020-11-19 11:26:57.164  WARN 25160 --- [restartedMain] JpaBaseConfiguration$JpaWebConfiguration : spring.jpa.open-in-view is enabled by default. Therefore, database queries may be performed during view rendering. Explicitly configure spring.jpa.open-in-view to disable this warning
2020-11-19 11:26:57.811  INFO 25160 --- [restartedMain] o.s.b.a.e.web.EndpointLinksResolver      : Exposing 0 endpoint(s) beneath base path '/actuator'
2020-11-19 11:26:58.070  INFO 25160 --- [restartedMain] pertySourcedRequestMappingHandlerMapping : Mapped URL path [/v2/api-docs] onto method [springfox.documentation.swagger2.web.Swagger2Controller#getDocumentation(String, HttpServletRequest)]
2020-11-19 11:26:58.782  INFO 25160 --- [restartedMain] o.s.b.d.a.OptionalLiveReloadServer       : LiveReload server is running on port 35729
2020-11-19 11:26:58.965  INFO 25160 --- [task-1] o.h.e.t.j.p.i.JtaPlatformInitiator       : HHH000490: Using JtaPlatform implementation: [org.hibernate.engine.transaction.jta.platform.internal.NoJtaPlatform]
2020-11-19 11:26:58.990  INFO 25160 --- [task-1] j.LocalContainerEntityManagerFactoryBean : Initialized JPA EntityManagerFactory for persistence unit 'default'
2020-11-19 11:26:59.379  INFO 25160 --- [restartedMain] o.s.b.w.embedded.tomcat.TomcatWebServer  : Tomcat started on port(s): 8080 (http) with context path ''
2020-11-19 11:26:59.382  INFO 25160 --- [restartedMain] d.s.w.p.DocumentationPluginsBootstrapper : Context refreshed
2020-11-19 11:26:59.407  INFO 25160 --- [restartedMain] d.s.w.p.DocumentationPluginsBootstrapper : Found 1 custom documentation plugin(s)
2020-11-19 11:26:59.501  INFO 25160 --- [restartedMain] s.d.s.w.s.ApiListingReferenceScanner     : Scanning for api listing references
2020-11-19 11:26:59.849  INFO 25160 --- [restartedMain] .d.s.w.r.o.CachingOperationNameGenerator : Generating unique operation named: createUsingPOST_1
2020-11-19 11:26:59.860  INFO 25160 --- [restartedMain] .d.s.w.r.o.CachingOperationNameGenerator : Generating unique operation named: findByFilterUsingGET_1
2020-11-19 11:26:59.888  INFO 25160 --- [restartedMain] DeferredRepositoryInitializationListener : Triggering deferred initialization of Spring Data repositories…
2020-11-19 11:27:00.703  INFO 25160 --- [restartedMain] DeferredRepositoryInitializationListener : Spring Data repositories initialized!
2020-11-19 11:27:00.733  INFO 25160 --- [restartedMain] c.d.library.api.LibraryApiApplication    : Started LibraryApiApplication in 11.172 seconds (JVM running for 13.726)
2020-11-19 11:27:00.973  INFO 25160 --- [RMI TCP Connection(3)-127.0.0.1] o.a.c.c.C.[Tomcat].[localhost].[/]       : Initializing Spring DispatcherServlet 'dispatcherServlet'
2020-11-19 11:27:00.974  INFO 25160 --- [RMI TCP Connection(3)-127.0.0.1] o.s.web.servlet.DispatcherServlet        : Initializing Servlet 'dispatcherServlet'
2020-11-19 11:27:00.997  INFO 25160 --- [RMI TCP Connection(3)-127.0.0.1] o.s.web.servlet.DispatcherServlet        : Completed initialization in 18 ms
2020-11-19 11:29:07.018  INFO 25160 --- [Thread-4] j.LocalContainerEntityManagerFactoryBean : Closing JPA EntityManagerFactory for persistence unit 'default'
2020-11-19 11:29:07.019  INFO 25160 --- [Thread-4] .SchemaDropperImpl$DelayedDropActionImpl : HHH000477: Starting delayed evictData of schema as part of SessionFactory shut-down'
2020-11-19 11:29:07.032  INFO 25160 --- [Thread-4] o.s.s.c.ThreadPoolTaskScheduler          : Shutting down ExecutorService 'taskScheduler'
2020-11-19 11:29:07.033  INFO 25160 --- [Thread-4] o.s.s.concurrent.ThreadPoolTaskExecutor  : Shutting down ExecutorService 'applicationTaskExecutor'
2020-11-19 11:29:07.278  WARN 25160 --- [Thread-4] o.s.b.f.support.DisposableBeanAdapter    : Invocation of destroy method failed on bean with name 'inMemoryDatabaseShutdownExecutor': org.h2.jdbc.JdbcSQLNonTransientConnectionException: Database is already closed (to disable automatic closing at VM shutdown, add ";DB_CLOSE_ON_EXIT=FALSE" to the db URL) [90121-200]
2020-11-19 11:29:07.280  INFO 25160 --- [Thread-4] com.zaxxer.hikari.HikariDataSource       : HikariPool-1 - Shutdown initiated...
2020-11-19 11:29:07.297  INFO 25160 --- [Thread-4] com.zaxxer.hikari.HikariDataSource       : HikariPool-1 - Shutdown completed.
2020-11-19 11:31:28.786  INFO 25747 --- [restartedMain] c.d.library.api.LibraryApiApplication    : Starting LibraryApiApplication on dailan-Latitude-E6430 with PID 25747 (/home/dailan/projetos/estudo/library-api/target/classes started by dailan in /home/dailan/projetos/estudo/library-api)
2020-11-19 11:31:28.817  INFO 25747 --- [restartedMain] c.d.library.api.LibraryApiApplication    : No active profile set, falling back to default profiles: default
2020-11-19 11:31:29.008  INFO 25747 --- [restartedMain] .e.DevToolsPropertyDefaultsPostProcessor : Devtools property defaults active! Set 'spring.devtools.add-properties' to 'false' to disable
2020-11-19 11:31:29.010  INFO 25747 --- [restartedMain] .e.DevToolsPropertyDefaultsPostProcessor : For additional web related logging consider setting the 'logging.level.web' property to 'DEBUG'
2020-11-19 11:31:31.362  INFO 25747 --- [restartedMain] .s.d.r.c.RepositoryConfigurationDelegate : Bootstrapping Spring Data JPA repositories in DEFERRED mode.
2020-11-19 11:31:31.427  INFO 25747 --- [restartedMain] .s.d.r.c.RepositoryConfigurationDelegate : Finished Spring Data repository scanning in 57ms. Found 2 JPA repository interfaces.
2020-11-19 11:31:32.066  INFO 25747 --- [restartedMain] o.s.b.w.embedded.tomcat.TomcatWebServer  : Tomcat initialized with port(s): 8080 (http)
2020-11-19 11:31:32.074  INFO 25747 --- [restartedMain] o.apache.catalina.core.StandardService   : Starting service [Tomcat]
2020-11-19 11:31:32.074  INFO 25747 --- [restartedMain] org.apache.catalina.core.StandardEngine  : Starting Servlet engine: [Apache Tomcat/9.0.38]
2020-11-19 11:31:32.140  INFO 25747 --- [restartedMain] o.a.c.c.C.[Tomcat].[localhost].[/]       : Initializing Spring embedded WebApplicationContext
2020-11-19 11:31:32.140  INFO 25747 --- [restartedMain] w.s.c.ServletWebServerApplicationContext : Root WebApplicationContext: initialization completed in 3129 ms
2020-11-19 11:31:32.296  INFO 25747 --- [restartedMain] com.zaxxer.hikari.HikariDataSource       : HikariPool-1 - Starting...
2020-11-19 11:31:32.387  INFO 25747 --- [restartedMain] com.zaxxer.hikari.HikariDataSource       : HikariPool-1 - Start completed.
2020-11-19 11:31:32.392  INFO 25747 --- [restartedMain] o.s.b.a.h2.H2ConsoleAutoConfiguration    : H2 console available at '/h2-console'. Database available at 'jdbc:h2:mem:d86007ed-3ff9-4ca6-bd20-84abd7571f77'
2020-11-19 11:31:32.584  INFO 25747 --- [restartedMain] o.s.s.concurrent.ThreadPoolTaskExecutor  : Initializing ExecutorService 'applicationTaskExecutor'
2020-11-19 11:31:32.597  INFO 25747 --- [restartedMain] o.s.s.c.ThreadPoolTaskScheduler          : Initializing ExecutorService 'taskScheduler'
2020-11-19 11:31:32.672  INFO 25747 --- [task-1] o.hibernate.jpa.internal.util.LogHelper  : HHH000204: Processing PersistenceUnitInfo [name: default]
2020-11-19 11:31:32.731  INFO 25747 --- [task-1] org.hibernate.Version                    : HHH000412: Hibernate ORM core version 5.4.21.Final
2020-11-19 11:31:32.835  INFO 25747 --- [task-1] o.hibernate.annotations.common.Version   : HCANN000001: Hibernate Commons Annotations {5.1.0.Final}
2020-11-19 11:31:32.941  INFO 25747 --- [task-1] org.hibernate.dialect.Dialect            : HHH000400: Using dialect: org.hibernate.dialect.H2Dialect
2020-11-19 11:31:33.051  WARN 25747 --- [restartedMain] JpaBaseConfiguration$JpaWebConfiguration : spring.jpa.open-in-view is enabled by default. Therefore, database queries may be performed during view rendering. Explicitly configure spring.jpa.open-in-view to disable this warning
2020-11-19 11:31:33.439  INFO 25747 --- [restartedMain] o.s.b.a.e.web.EndpointLinksResolver      : Exposing 0 endpoint(s) beneath base path '/actuator'
2020-11-19 11:31:33.536  INFO 25747 --- [restartedMain] pertySourcedRequestMappingHandlerMapping : Mapped URL path [/v2/api-docs] onto method [springfox.documentation.swagger2.web.Swagger2Controller#getDocumentation(String, HttpServletRequest)]
2020-11-19 11:31:33.785  INFO 25747 --- [restartedMain] o.s.b.d.a.OptionalLiveReloadServer       : LiveReload server is running on port 35729
2020-11-19 11:31:33.844  INFO 25747 --- [task-1] o.h.e.t.j.p.i.JtaPlatformInitiator       : HHH000490: Using JtaPlatform implementation: [org.hibernate.engine.transaction.jta.platform.internal.NoJtaPlatform]
2020-11-19 11:31:33.870  INFO 25747 --- [task-1] j.LocalContainerEntityManagerFactoryBean : Initialized JPA EntityManagerFactory for persistence unit 'default'
2020-11-19 11:31:34.213  INFO 25747 --- [restartedMain] o.s.b.w.embedded.tomcat.TomcatWebServer  : Tomcat started on port(s): 8080 (http) with context path ''
2020-11-19 11:31:34.216  INFO 25747 --- [restartedMain] d.s.w.p.DocumentationPluginsBootstrapper : Context refreshed
2020-11-19 11:31:34.236  INFO 25747 --- [restartedMain] d.s.w.p.DocumentationPluginsBootstrapper : Found 1 custom documentation plugin(s)
2020-11-19 11:31:34.272  INFO 25747 --- [restartedMain] s.d.s.w.s.ApiListingReferenceScanner     : Scanning for api listing references
2020-11-19 11:31:34.528  INFO 25747 --- [restartedMain] .d.s.w.r.o.CachingOperationNameGenerator : Generating unique operation named: createUsingPOST_1
2020-11-19 11:31:34.546  INFO 25747 --- [restartedMain] .d.s.w.r.o.CachingOperationNameGenerator : Generating unique operation named: findByFilterUsingGET_1
2020-11-19 11:31:34.567  INFO 25747 --- [restartedMain] DeferredRepositoryInitializationListener : Triggering deferred initialization of Spring Data repositories…
2020-11-19 11:31:35.084  INFO 25747 --- [restartedMain] DeferredRepositoryInitializationListener : Spring Data repositories initialized!
2020-11-19 11:31:35.108  INFO 25747 --- [restartedMain] c.d.library.api.LibraryApiApplication    : Started LibraryApiApplication in 7.474 seconds (JVM running for 9.751)
2020-11-19 11:31:35.586  INFO 25747 --- [RMI TCP Connection(3)-127.0.0.1] o.a.c.c.C.[Tomcat].[localhost].[/]       : Initializing Spring DispatcherServlet 'dispatcherServlet'
2020-11-19 11:31:35.587  INFO 25747 --- [RMI TCP Connection(3)-127.0.0.1] o.s.web.servlet.DispatcherServlet        : Initializing Servlet 'dispatcherServlet'
2020-11-19 11:31:35.602  INFO 25747 --- [RMI TCP Connection(3)-127.0.0.1] o.s.web.servlet.DispatcherServlet        : Completed initialization in 15 ms
2020-11-19 11:32:46.857  INFO 25747 --- [SpringContextShutdownHook] j.LocalContainerEntityManagerFactoryBean : Closing JPA EntityManagerFactory for persistence unit 'default'
2020-11-19 11:32:46.857  INFO 25747 --- [SpringContextShutdownHook] .SchemaDropperImpl$DelayedDropActionImpl : HHH000477: Starting delayed evictData of schema as part of SessionFactory shut-down'
2020-11-19 11:32:46.874  INFO 25747 --- [SpringContextShutdownHook] o.s.s.c.ThreadPoolTaskScheduler          : Shutting down ExecutorService 'taskScheduler'
2020-11-19 11:32:46.875  INFO 25747 --- [SpringContextShutdownHook] o.s.s.concurrent.ThreadPoolTaskExecutor  : Shutting down ExecutorService 'applicationTaskExecutor'
2020-11-19 11:32:47.093  WARN 25747 --- [SpringContextShutdownHook] o.s.b.f.support.DisposableBeanAdapter    : Invocation of destroy method failed on bean with name 'inMemoryDatabaseShutdownExecutor': org.h2.jdbc.JdbcSQLNonTransientConnectionException: Database is already closed (to disable automatic closing at VM shutdown, add ";DB_CLOSE_ON_EXIT=FALSE" to the db URL) [90121-200]
2020-11-19 11:32:47.094  INFO 25747 --- [SpringContextShutdownHook] com.zaxxer.hikari.HikariDataSource       : HikariPool-1 - Shutdown initiated...
2020-11-19 11:32:47.097  INFO 25747 --- [SpringContextShutdownHook] com.zaxxer.hikari.HikariDataSource       : HikariPool-1 - Shutdown completed.
2020-11-19 11:32:55.814  INFO 26055 --- [restartedMain] c.d.library.api.LibraryApiApplication    : Starting LibraryApiApplication on dailan-Latitude-E6430 with PID 26055 (/home/dailan/projetos/estudo/library-api/target/classes started by dailan in /home/dailan/projetos/estudo/library-api)
2020-11-19 11:32:55.820  INFO 26055 --- [restartedMain] c.d.library.api.LibraryApiApplication    : No active profile set, falling back to default profiles: default
2020-11-19 11:32:55.982  INFO 26055 --- [restartedMain] .e.DevToolsPropertyDefaultsPostProcessor : Devtools property defaults active! Set 'spring.devtools.add-properties' to 'false' to disable
2020-11-19 11:32:55.982  INFO 26055 --- [restartedMain] .e.DevToolsPropertyDefaultsPostProcessor : For additional web related logging consider setting the 'logging.level.web' property to 'DEBUG'
2020-11-19 11:32:57.504  INFO 26055 --- [restartedMain] .s.d.r.c.RepositoryConfigurationDelegate : Bootstrapping Spring Data JPA repositories in DEFERRED mode.
2020-11-19 11:32:57.566  INFO 26055 --- [restartedMain] .s.d.r.c.RepositoryConfigurationDelegate : Finished Spring Data repository scanning in 56ms. Found 2 JPA repository interfaces.
2020-11-19 11:32:58.190  INFO 26055 --- [restartedMain] o.s.b.w.embedded.tomcat.TomcatWebServer  : Tomcat initialized with port(s): 8080 (http)
2020-11-19 11:32:58.198  INFO 26055 --- [restartedMain] o.apache.catalina.core.StandardService   : Starting service [Tomcat]
2020-11-19 11:32:58.199  INFO 26055 --- [restartedMain] org.apache.catalina.core.StandardEngine  : Starting Servlet engine: [Apache Tomcat/9.0.38]
2020-11-19 11:32:58.262  INFO 26055 --- [restartedMain] o.a.c.c.C.[Tomcat].[localhost].[/]       : Initializing Spring embedded WebApplicationContext
2020-11-19 11:32:58.263  INFO 26055 --- [restartedMain] w.s.c.ServletWebServerApplicationContext : Root WebApplicationContext: initialization completed in 2280 ms
2020-11-19 11:32:58.424  INFO 26055 --- [restartedMain] com.zaxxer.hikari.HikariDataSource       : HikariPool-1 - Starting...
2020-11-19 11:32:58.542  INFO 26055 --- [restartedMain] com.zaxxer.hikari.HikariDataSource       : HikariPool-1 - Start completed.
2020-11-19 11:32:58.550  INFO 26055 --- [restartedMain] o.s.b.a.h2.H2ConsoleAutoConfiguration    : H2 console available at '/h2-console'. Database available at 'jdbc:h2:mem:6205db4d-14fd-4b9d-b97e-e4026646164f'
2020-11-19 11:32:58.772  INFO 26055 --- [restartedMain] o.s.s.concurrent.ThreadPoolTaskExecutor  : Initializing ExecutorService 'applicationTaskExecutor'
2020-11-19 11:32:58.785  INFO 26055 --- [restartedMain] o.s.s.c.ThreadPoolTaskScheduler          : Initializing ExecutorService 'taskScheduler'
2020-11-19 11:32:58.839  INFO 26055 --- [task-1] o.hibernate.jpa.internal.util.LogHelper  : HHH000204: Processing PersistenceUnitInfo [name: default]
2020-11-19 11:32:58.962  INFO 26055 --- [task-1] org.hibernate.Version                    : HHH000412: Hibernate ORM core version 5.4.21.Final
2020-11-19 11:32:59.075  INFO 26055 --- [task-1] o.hibernate.annotations.common.Version   : HCANN000001: Hibernate Commons Annotations {5.1.0.Final}
2020-11-19 11:32:59.208  INFO 26055 --- [task-1] org.hibernate.dialect.Dialect            : HHH000400: Using dialect: org.hibernate.dialect.H2Dialect
2020-11-19 11:32:59.307  WARN 26055 --- [restartedMain] JpaBaseConfiguration$JpaWebConfiguration : spring.jpa.open-in-view is enabled by default. Therefore, database queries may be performed during view rendering. Explicitly configure spring.jpa.open-in-view to disable this warning
2020-11-19 11:32:59.655  INFO 26055 --- [restartedMain] o.s.b.a.e.web.EndpointLinksResolver      : Exposing 0 endpoint(s) beneath base path '/actuator'
2020-11-19 11:32:59.756  INFO 26055 --- [restartedMain] pertySourcedRequestMappingHandlerMapping : Mapped URL path [/v2/api-docs] onto method [springfox.documentation.swagger2.web.Swagger2Controller#getDocumentation(String, HttpServletRequest)]
2020-11-19 11:32:59.962  INFO 26055 --- [restartedMain] o.s.b.d.a.OptionalLiveReloadServer       : LiveReload server is running on port 35729
2020-11-19 11:33:00.001  INFO 26055 --- [task-1] o.h.e.t.j.p.i.JtaPlatformInitiator       : HHH000490: Using JtaPlatform implementation: [org.hibernate.engine.transaction.jta.platform.internal.NoJtaPlatform]
2020-11-19 11:33:00.010  INFO 26055 --- [task-1] j.LocalContainerEntityManagerFactoryBean : Initialized JPA EntityManagerFactory for persistence unit 'default'
2020-11-19 11:33:00.299  INFO 26055 --- [restartedMain] o.s.b.w.embedded.tomcat.TomcatWebServer  : Tomcat started on port(s): 8080 (http) with context path ''
2020-11-19 11:33:00.301  INFO 26055 --- [restartedMain] d.s.w.p.DocumentationPluginsBootstrapper : Context refreshed
2020-11-19 11:33:00.317  INFO 26055 --- [restartedMain] d.s.w.p.DocumentationPluginsBootstrapper : Found 1 custom documentation plugin(s)
2020-11-19 11:33:00.361  INFO 26055 --- [restartedMain] s.d.s.w.s.ApiListingReferenceScanner     : Scanning for api listing references
2020-11-19 11:33:00.594  INFO 26055 --- [restartedMain] .d.s.w.r.o.CachingOperationNameGenerator : Generating unique operation named: createUsingPOST_1
2020-11-19 11:33:00.604  INFO 26055 --- [restartedMain] .d.s.w.r.o.CachingOperationNameGenerator : Generating unique operation named: findByFilterUsingGET_1
2020-11-19 11:33:00.621  INFO 26055 --- [restartedMain] DeferredRepositoryInitializationListener : Triggering deferred initialization of Spring Data repositories…
2020-11-19 11:33:01.034  INFO 26055 --- [restartedMain] DeferredRepositoryInitializationListener : Spring Data repositories initialized!
2020-11-19 11:33:01.052  INFO 26055 --- [restartedMain] c.d.library.api.LibraryApiApplication    : Started LibraryApiApplication in 5.886 seconds (JVM running for 7.695)
2020-11-19 11:33:01.281  INFO 26055 --- [RMI TCP Connection(1)-127.0.0.1] o.a.c.c.C.[Tomcat].[localhost].[/]       : Initializing Spring DispatcherServlet 'dispatcherServlet'
2020-11-19 11:33:01.281  INFO 26055 --- [RMI TCP Connection(1)-127.0.0.1] o.s.web.servlet.DispatcherServlet        : Initializing Servlet 'dispatcherServlet'
2020-11-19 11:33:01.292  INFO 26055 --- [RMI TCP Connection(1)-127.0.0.1] o.s.web.servlet.DispatcherServlet        : Completed initialization in 10 ms
2020-11-19 11:35:01.368  INFO 26055 --- [SpringContextShutdownHook] j.LocalContainerEntityManagerFactoryBean : Closing JPA EntityManagerFactory for persistence unit 'default'
2020-11-19 11:35:01.369  INFO 26055 --- [SpringContextShutdownHook] .SchemaDropperImpl$DelayedDropActionImpl : HHH000477: Starting delayed evictData of schema as part of SessionFactory shut-down'
2020-11-19 11:35:01.387  INFO 26055 --- [SpringContextShutdownHook] o.s.s.c.ThreadPoolTaskScheduler          : Shutting down ExecutorService 'taskScheduler'
2020-11-19 11:35:01.388  INFO 26055 --- [SpringContextShutdownHook] o.s.s.concurrent.ThreadPoolTaskExecutor  : Shutting down ExecutorService 'applicationTaskExecutor'
2020-11-19 11:35:01.603  WARN 26055 --- [SpringContextShutdownHook] o.s.b.f.support.DisposableBeanAdapter    : Invocation of destroy method failed on bean with name 'inMemoryDatabaseShutdownExecutor': org.h2.jdbc.JdbcSQLNonTransientConnectionException: Database is already closed (to disable automatic closing at VM shutdown, add ";DB_CLOSE_ON_EXIT=FALSE" to the db URL) [90121-200]
2020-11-19 11:35:01.604  INFO 26055 --- [SpringContextShutdownHook] com.zaxxer.hikari.HikariDataSource       : HikariPool-1 - Shutdown initiated...
2020-11-19 11:35:01.607  INFO 26055 --- [SpringContextShutdownHook] com.zaxxer.hikari.HikariDataSource       : HikariPool-1 - Shutdown completed.
2020-11-19 11:35:07.560  INFO 26406 --- [restartedMain] c.d.library.api.LibraryApiApplication    : Starting LibraryApiApplication on dailan-Latitude-E6430 with PID 26406 (/home/dailan/projetos/estudo/library-api/target/classes started by dailan in /home/dailan/projetos/estudo/library-api)
2020-11-19 11:35:07.574  INFO 26406 --- [restartedMain] c.d.library.api.LibraryApiApplication    : No active profile set, falling back to default profiles: default
2020-11-19 11:35:07.826  INFO 26406 --- [restartedMain] .e.DevToolsPropertyDefaultsPostProcessor : Devtools property defaults active! Set 'spring.devtools.add-properties' to 'false' to disable
2020-11-19 11:35:07.826  INFO 26406 --- [restartedMain] .e.DevToolsPropertyDefaultsPostProcessor : For additional web related logging consider setting the 'logging.level.web' property to 'DEBUG'
2020-11-19 11:35:10.053  INFO 26406 --- [restartedMain] .s.d.r.c.RepositoryConfigurationDelegate : Bootstrapping Spring Data JPA repositories in DEFERRED mode.
2020-11-19 11:35:10.107  INFO 26406 --- [restartedMain] .s.d.r.c.RepositoryConfigurationDelegate : Finished Spring Data repository scanning in 46ms. Found 2 JPA repository interfaces.
2020-11-19 11:35:10.785  INFO 26406 --- [restartedMain] o.s.b.w.embedded.tomcat.TomcatWebServer  : Tomcat initialized with port(s): 8080 (http)
2020-11-19 11:35:10.794  INFO 26406 --- [restartedMain] o.apache.catalina.core.StandardService   : Starting service [Tomcat]
2020-11-19 11:35:10.795  INFO 26406 --- [restartedMain] org.apache.catalina.core.StandardEngine  : Starting Servlet engine: [Apache Tomcat/9.0.38]
2020-11-19 11:35:10.872  INFO 26406 --- [restartedMain] o.a.c.c.C.[Tomcat].[localhost].[/]       : Initializing Spring embedded WebApplicationContext
2020-11-19 11:35:10.872  INFO 26406 --- [restartedMain] w.s.c.ServletWebServerApplicationContext : Root WebApplicationContext: initialization completed in 3045 ms
2020-11-19 11:35:11.042  INFO 26406 --- [restartedMain] com.zaxxer.hikari.HikariDataSource       : HikariPool-1 - Starting...
2020-11-19 11:35:11.128  INFO 26406 --- [restartedMain] com.zaxxer.hikari.HikariDataSource       : HikariPool-1 - Start completed.
2020-11-19 11:35:11.135  INFO 26406 --- [restartedMain] o.s.b.a.h2.H2ConsoleAutoConfiguration    : H2 console available at '/h2-console'. Database available at 'jdbc:h2:mem:a9bbd368-64a8-4c34-83fc-95c37e574ca0'
2020-11-19 11:35:11.302  INFO 26406 --- [restartedMain] o.s.s.concurrent.ThreadPoolTaskExecutor  : Initializing ExecutorService 'applicationTaskExecutor'
2020-11-19 11:35:11.318  INFO 26406 --- [restartedMain] o.s.s.c.ThreadPoolTaskScheduler          : Initializing ExecutorService 'taskScheduler'
2020-11-19 11:35:11.377  INFO 26406 --- [task-1] o.hibernate.jpa.internal.util.LogHelper  : HHH000204: Processing PersistenceUnitInfo [name: default]
2020-11-19 11:35:11.500  INFO 26406 --- [task-1] org.hibernate.Version                    : HHH000412: Hibernate ORM core version 5.4.21.Final
2020-11-19 11:35:11.602  INFO 26406 --- [task-1] o.hibernate.annotations.common.Version   : HCANN000001: Hibernate Commons Annotations {5.1.0.Final}
2020-11-19 11:35:11.726  INFO 26406 --- [task-1] org.hibernate.dialect.Dialect            : HHH000400: Using dialect: org.hibernate.dialect.H2Dialect
2020-11-19 11:35:11.857  WARN 26406 --- [restartedMain] JpaBaseConfiguration$JpaWebConfiguration : spring.jpa.open-in-view is enabled by default. Therefore, database queries may be performed during view rendering. Explicitly configure spring.jpa.open-in-view to disable this warning
2020-11-19 11:35:12.221  INFO 26406 --- [restartedMain] o.s.b.a.e.web.EndpointLinksResolver      : Exposing 2 endpoint(s) beneath base path '/actuator'
2020-11-19 11:35:12.331  INFO 26406 --- [restartedMain] pertySourcedRequestMappingHandlerMapping : Mapped URL path [/v2/api-docs] onto method [springfox.documentation.swagger2.web.Swagger2Controller#getDocumentation(String, HttpServletRequest)]
2020-11-19 11:35:12.610  INFO 26406 --- [task-1] o.h.e.t.j.p.i.JtaPlatformInitiator       : HHH000490: Using JtaPlatform implementation: [org.hibernate.engine.transaction.jta.platform.internal.NoJtaPlatform]
2020-11-19 11:35:12.618  INFO 26406 --- [task-1] j.LocalContainerEntityManagerFactoryBean : Initialized JPA EntityManagerFactory for persistence unit 'default'
2020-11-19 11:35:12.644  INFO 26406 --- [restartedMain] o.s.b.d.a.OptionalLiveReloadServer       : LiveReload server is running on port 35729
2020-11-19 11:35:13.059  INFO 26406 --- [restartedMain] o.s.b.w.embedded.tomcat.TomcatWebServer  : Tomcat started on port(s): 8080 (http) with context path ''
2020-11-19 11:35:13.060  INFO 26406 --- [restartedMain] d.s.w.p.DocumentationPluginsBootstrapper : Context refreshed
2020-11-19 11:35:13.078  INFO 26406 --- [restartedMain] d.s.w.p.DocumentationPluginsBootstrapper : Found 1 custom documentation plugin(s)
2020-11-19 11:35:13.137  INFO 26406 --- [restartedMain] s.d.s.w.s.ApiListingReferenceScanner     : Scanning for api listing references
2020-11-19 11:35:13.440  INFO 26406 --- [restartedMain] .d.s.w.r.o.CachingOperationNameGenerator : Generating unique operation named: createUsingPOST_1
2020-11-19 11:35:13.451  INFO 26406 --- [restartedMain] .d.s.w.r.o.CachingOperationNameGenerator : Generating unique operation named: findByFilterUsingGET_1
2020-11-19 11:35:13.469  INFO 26406 --- [restartedMain] DeferredRepositoryInitializationListener : Triggering deferred initialization of Spring Data repositories…
2020-11-19 11:35:13.871  INFO 26406 --- [http-nio-8080-exec-1] o.a.c.c.C.[Tomcat].[localhost].[/]       : Initializing Spring DispatcherServlet 'dispatcherServlet'
2020-11-19 11:35:13.872  INFO 26406 --- [http-nio-8080-exec-1] o.s.web.servlet.DispatcherServlet        : Initializing Servlet 'dispatcherServlet'
2020-11-19 11:35:13.887  INFO 26406 --- [http-nio-8080-exec-1] o.s.web.servlet.DispatcherServlet        : Completed initialization in 15 ms
2020-11-19 11:35:13.995  INFO 26406 --- [restartedMain] DeferredRepositoryInitializationListener : Spring Data repositories initialized!
2020-11-19 11:35:14.032  INFO 26406 --- [restartedMain] c.d.library.api.LibraryApiApplication    : Started LibraryApiApplication in 7.252 seconds (JVM running for 8.776)
2020-11-19 11:36:26.631  INFO 26406 --- [SpringContextShutdownHook] j.LocalContainerEntityManagerFactoryBean : Closing JPA EntityManagerFactory for persistence unit 'default'
2020-11-19 11:36:26.631  INFO 26406 --- [SpringContextShutdownHook] .SchemaDropperImpl$DelayedDropActionImpl : HHH000477: Starting delayed evictData of schema as part of SessionFactory shut-down'
2020-11-19 11:36:26.649  INFO 26406 --- [SpringContextShutdownHook] o.s.s.c.ThreadPoolTaskScheduler          : Shutting down ExecutorService 'taskScheduler'
2020-11-19 11:36:26.650  INFO 26406 --- [SpringContextShutdownHook] o.s.s.concurrent.ThreadPoolTaskExecutor  : Shutting down ExecutorService 'applicationTaskExecutor'
2020-11-19 11:36:26.868  WARN 26406 --- [SpringContextShutdownHook] o.s.b.f.support.DisposableBeanAdapter    : Invocation of destroy method failed on bean with name 'inMemoryDatabaseShutdownExecutor': org.h2.jdbc.JdbcSQLNonTransientConnectionException: Database is already closed (to disable automatic closing at VM shutdown, add ";DB_CLOSE_ON_EXIT=FALSE" to the db URL) [90121-200]
2020-11-19 11:36:26.869  INFO 26406 --- [SpringContextShutdownHook] com.zaxxer.hikari.HikariDataSource       : HikariPool-1 - Shutdown initiated...
2020-11-19 11:36:26.873  INFO 26406 --- [SpringContextShutdownHook] com.zaxxer.hikari.HikariDataSource       : HikariPool-1 - Shutdown completed.
2020-11-19 11:36:31.527  INFO 26732 --- [restartedMain] c.d.library.api.LibraryApiApplication    : Starting LibraryApiApplication on dailan-Latitude-E6430 with PID 26732 (/home/dailan/projetos/estudo/library-api/target/classes started by dailan in /home/dailan/projetos/estudo/library-api)
2020-11-19 11:36:31.535  INFO 26732 --- [restartedMain] c.d.library.api.LibraryApiApplication    : No active profile set, falling back to default profiles: default
2020-11-19 11:36:31.675  INFO 26732 --- [restartedMain] .e.DevToolsPropertyDefaultsPostProcessor : Devtools property defaults active! Set 'spring.devtools.add-properties' to 'false' to disable
2020-11-19 11:36:31.676  INFO 26732 --- [restartedMain] .e.DevToolsPropertyDefaultsPostProcessor : For additional web related logging consider setting the 'logging.level.web' property to 'DEBUG'
2020-11-19 11:36:33.279  INFO 26732 --- [restartedMain] .s.d.r.c.RepositoryConfigurationDelegate : Bootstrapping Spring Data JPA repositories in DEFERRED mode.
2020-11-19 11:36:33.368  INFO 26732 --- [restartedMain] .s.d.r.c.RepositoryConfigurationDelegate : Finished Spring Data repository scanning in 78ms. Found 2 JPA repository interfaces.
2020-11-19 11:36:34.031  INFO 26732 --- [restartedMain] o.s.b.w.embedded.tomcat.TomcatWebServer  : Tomcat initialized with port(s): 8080 (http)
2020-11-19 11:36:34.038  INFO 26732 --- [restartedMain] o.apache.catalina.core.StandardService   : Starting service [Tomcat]
2020-11-19 11:36:34.038  INFO 26732 --- [restartedMain] org.apache.catalina.core.StandardEngine  : Starting Servlet engine: [Apache Tomcat/9.0.38]
2020-11-19 11:36:34.132  INFO 26732 --- [restartedMain] o.a.c.c.C.[Tomcat].[localhost].[/]       : Initializing Spring embedded WebApplicationContext
2020-11-19 11:36:34.132  INFO 26732 --- [restartedMain] w.s.c.ServletWebServerApplicationContext : Root WebApplicationContext: initialization completed in 2456 ms
2020-11-19 11:36:34.326  INFO 26732 --- [restartedMain] com.zaxxer.hikari.HikariDataSource       : HikariPool-1 - Starting...
2020-11-19 11:36:34.428  INFO 26732 --- [restartedMain] com.zaxxer.hikari.HikariDataSource       : HikariPool-1 - Start completed.
2020-11-19 11:36:34.436  INFO 26732 --- [restartedMain] o.s.b.a.h2.H2ConsoleAutoConfiguration    : H2 console available at '/h2-console'. Database available at 'jdbc:h2:mem:bea4a17d-d4e6-45b4-a937-3a3880485989'
2020-11-19 11:36:34.678  INFO 26732 --- [restartedMain] o.s.s.concurrent.ThreadPoolTaskExecutor  : Initializing ExecutorService 'applicationTaskExecutor'
2020-11-19 11:36:34.698  INFO 26732 --- [restartedMain] o.s.s.c.ThreadPoolTaskScheduler          : Initializing ExecutorService 'taskScheduler'
2020-11-19 11:36:34.757  INFO 26732 --- [task-1] o.hibernate.jpa.internal.util.LogHelper  : HHH000204: Processing PersistenceUnitInfo [name: default]
2020-11-19 11:36:34.933  INFO 26732 --- [task-1] org.hibernate.Version                    : HHH000412: Hibernate ORM core version 5.4.21.Final
2020-11-19 11:36:35.068  INFO 26732 --- [task-1] o.hibernate.annotations.common.Version   : HCANN000001: Hibernate Commons Annotations {5.1.0.Final}
2020-11-19 11:36:35.180  INFO 26732 --- [task-1] org.hibernate.dialect.Dialect            : HHH000400: Using dialect: org.hibernate.dialect.H2Dialect
2020-11-19 11:36:35.226  WARN 26732 --- [restartedMain] JpaBaseConfiguration$JpaWebConfiguration : spring.jpa.open-in-view is enabled by default. Therefore, database queries may be performed during view rendering. Explicitly configure spring.jpa.open-in-view to disable this warning
2020-11-19 11:36:35.597  INFO 26732 --- [restartedMain] o.s.b.a.e.web.EndpointLinksResolver      : Exposing 14 endpoint(s) beneath base path '/actuator'
2020-11-19 11:36:35.750  INFO 26732 --- [restartedMain] pertySourcedRequestMappingHandlerMapping : Mapped URL path [/v2/api-docs] onto method [springfox.documentation.swagger2.web.Swagger2Controller#getDocumentation(String, HttpServletRequest)]
2020-11-19 11:36:35.922  INFO 26732 --- [restartedMain] o.s.b.d.a.OptionalLiveReloadServer       : LiveReload server is running on port 35729
2020-11-19 11:36:35.928  INFO 26732 --- [task-1] o.h.e.t.j.p.i.JtaPlatformInitiator       : HHH000490: Using JtaPlatform implementation: [org.hibernate.engine.transaction.jta.platform.internal.NoJtaPlatform]
2020-11-19 11:36:35.934  INFO 26732 --- [task-1] j.LocalContainerEntityManagerFactoryBean : Initialized JPA EntityManagerFactory for persistence unit 'default'
2020-11-19 11:36:36.189  INFO 26732 --- [restartedMain] o.s.b.w.embedded.tomcat.TomcatWebServer  : Tomcat started on port(s): 8080 (http) with context path ''
2020-11-19 11:36:36.191  INFO 26732 --- [restartedMain] d.s.w.p.DocumentationPluginsBootstrapper : Context refreshed
2020-11-19 11:36:36.206  INFO 26732 --- [restartedMain] d.s.w.p.DocumentationPluginsBootstrapper : Found 1 custom documentation plugin(s)
2020-11-19 11:36:36.246  INFO 26732 --- [restartedMain] s.d.s.w.s.ApiListingReferenceScanner     : Scanning for api listing references
2020-11-19 11:36:36.422  INFO 26732 --- [restartedMain] .d.s.w.r.o.CachingOperationNameGenerator : Generating unique operation named: createUsingPOST_1
2020-11-19 11:36:36.431  INFO 26732 --- [restartedMain] .d.s.w.r.o.CachingOperationNameGenerator : Generating unique operation named: findByFilterUsingGET_1
2020-11-19 11:36:36.448  INFO 26732 --- [restartedMain] DeferredRepositoryInitializationListener : Triggering deferred initialization of Spring Data repositories…
2020-11-19 11:36:36.846  INFO 26732 --- [restartedMain] DeferredRepositoryInitializationListener : Spring Data repositories initialized!
2020-11-19 11:36:36.865  INFO 26732 --- [restartedMain] c.d.library.api.LibraryApiApplication    : Started LibraryApiApplication in 5.937 seconds (JVM running for 7.413)
2020-11-19 11:36:37.238  INFO 26732 --- [RMI TCP Connection(2)-127.0.0.1] o.a.c.c.C.[Tomcat].[localhost].[/]       : Initializing Spring DispatcherServlet 'dispatcherServlet'
2020-11-19 11:36:37.238  INFO 26732 --- [RMI TCP Connection(2)-127.0.0.1] o.s.web.servlet.DispatcherServlet        : Initializing Servlet 'dispatcherServlet'
2020-11-19 11:36:37.250  INFO 26732 --- [RMI TCP Connection(2)-127.0.0.1] o.s.web.servlet.DispatcherServlet        : Completed initialization in 11 ms
2020-11-19 11:37:15.583  INFO 26732 --- [SpringContextShutdownHook] j.LocalContainerEntityManagerFactoryBean : Closing JPA EntityManagerFactory for persistence unit 'default'
2020-11-19 11:37:15.584  INFO 26732 --- [SpringContextShutdownHook] .SchemaDropperImpl$DelayedDropActionImpl : HHH000477: Starting delayed evictData of schema as part of SessionFactory shut-down'
2020-11-19 11:37:15.594  INFO 26732 --- [SpringContextShutdownHook] o.s.s.c.ThreadPoolTaskScheduler          : Shutting down ExecutorService 'taskScheduler'
2020-11-19 11:37:15.595  INFO 26732 --- [SpringContextShutdownHook] o.s.s.concurrent.ThreadPoolTaskExecutor  : Shutting down ExecutorService 'applicationTaskExecutor'
2020-11-19 11:37:15.815  WARN 26732 --- [SpringContextShutdownHook] o.s.b.f.support.DisposableBeanAdapter    : Invocation of destroy method failed on bean with name 'inMemoryDatabaseShutdownExecutor': org.h2.jdbc.JdbcSQLNonTransientConnectionException: Database is already closed (to disable automatic closing at VM shutdown, add ";DB_CLOSE_ON_EXIT=FALSE" to the db URL) [90121-200]
2020-11-19 11:37:15.816  INFO 26732 --- [SpringContextShutdownHook] com.zaxxer.hikari.HikariDataSource       : HikariPool-1 - Shutdown initiated...
2020-11-19 11:37:15.821  INFO 26732 --- [SpringContextShutdownHook] com.zaxxer.hikari.HikariDataSource       : HikariPool-1 - Shutdown completed.
2020-11-19 11:37:20.283  INFO 26897 --- [restartedMain] c.d.library.api.LibraryApiApplication    : Starting LibraryApiApplication on dailan-Latitude-E6430 with PID 26897 (/home/dailan/projetos/estudo/library-api/target/classes started by dailan in /home/dailan/projetos/estudo/library-api)
2020-11-19 11:37:20.299  INFO 26897 --- [restartedMain] c.d.library.api.LibraryApiApplication    : No active profile set, falling back to default profiles: default
2020-11-19 11:37:20.437  INFO 26897 --- [restartedMain] .e.DevToolsPropertyDefaultsPostProcessor : Devtools property defaults active! Set 'spring.devtools.add-properties' to 'false' to disable
2020-11-19 11:37:20.437  INFO 26897 --- [restartedMain] .e.DevToolsPropertyDefaultsPostProcessor : For additional web related logging consider setting the 'logging.level.web' property to 'DEBUG'
2020-11-19 11:37:22.148  INFO 26897 --- [restartedMain] .s.d.r.c.RepositoryConfigurationDelegate : Bootstrapping Spring Data JPA repositories in DEFERRED mode.
2020-11-19 11:37:22.218  INFO 26897 --- [restartedMain] .s.d.r.c.RepositoryConfigurationDelegate : Finished Spring Data repository scanning in 63ms. Found 2 JPA repository interfaces.
2020-11-19 11:37:22.971  INFO 26897 --- [restartedMain] o.s.b.w.embedded.tomcat.TomcatWebServer  : Tomcat initialized with port(s): 8080 (http)
2020-11-19 11:37:22.979  INFO 26897 --- [restartedMain] o.apache.catalina.core.StandardService   : Starting service [Tomcat]
2020-11-19 11:37:22.979  INFO 26897 --- [restartedMain] org.apache.catalina.core.StandardEngine  : Starting Servlet engine: [Apache Tomcat/9.0.38]
2020-11-19 11:37:23.054  INFO 26897 --- [restartedMain] o.a.c.c.C.[Tomcat].[localhost].[/]       : Initializing Spring embedded WebApplicationContext
2020-11-19 11:37:23.054  INFO 26897 --- [restartedMain] w.s.c.ServletWebServerApplicationContext : Root WebApplicationContext: initialization completed in 2616 ms
2020-11-19 11:37:23.220  INFO 26897 --- [restartedMain] com.zaxxer.hikari.HikariDataSource       : HikariPool-1 - Starting...
2020-11-19 11:37:23.320  INFO 26897 --- [restartedMain] com.zaxxer.hikari.HikariDataSource       : HikariPool-1 - Start completed.
2020-11-19 11:37:23.326  INFO 26897 --- [restartedMain] o.s.b.a.h2.H2ConsoleAutoConfiguration    : H2 console available at '/h2-console'. Database available at 'jdbc:h2:mem:fce64c58-8713-4cf3-8f10-6e23df65111d'
2020-11-19 11:37:23.507  INFO 26897 --- [restartedMain] o.s.s.concurrent.ThreadPoolTaskExecutor  : Initializing ExecutorService 'applicationTaskExecutor'
2020-11-19 11:37:23.519  INFO 26897 --- [restartedMain] o.s.s.c.ThreadPoolTaskScheduler          : Initializing ExecutorService 'taskScheduler'
2020-11-19 11:37:23.563  INFO 26897 --- [task-1] o.hibernate.jpa.internal.util.LogHelper  : HHH000204: Processing PersistenceUnitInfo [name: default]
2020-11-19 11:37:23.663  INFO 26897 --- [task-1] org.hibernate.Version                    : HHH000412: Hibernate ORM core version 5.4.21.Final
2020-11-19 11:37:23.785  INFO 26897 --- [task-1] o.hibernate.annotations.common.Version   : HCANN000001: Hibernate Commons Annotations {5.1.0.Final}
2020-11-19 11:37:23.888  INFO 26897 --- [task-1] org.hibernate.dialect.Dialect            : HHH000400: Using dialect: org.hibernate.dialect.H2Dialect
2020-11-19 11:37:24.021  WARN 26897 --- [restartedMain] JpaBaseConfiguration$JpaWebConfiguration : spring.jpa.open-in-view is enabled by default. Therefore, database queries may be performed during view rendering. Explicitly configure spring.jpa.open-in-view to disable this warning
2020-11-19 11:37:24.387  INFO 26897 --- [restartedMain] o.s.b.a.e.web.EndpointLinksResolver      : Exposing 14 endpoint(s) beneath base path '/actuator'
2020-11-19 11:37:24.490  INFO 26897 --- [restartedMain] pertySourcedRequestMappingHandlerMapping : Mapped URL path [/v2/api-docs] onto method [springfox.documentation.swagger2.web.Swagger2Controller#getDocumentation(String, HttpServletRequest)]
2020-11-19 11:37:24.691  INFO 26897 --- [restartedMain] o.s.b.d.a.OptionalLiveReloadServer       : LiveReload server is running on port 35729
2020-11-19 11:37:24.726  INFO 26897 --- [task-1] o.h.e.t.j.p.i.JtaPlatformInitiator       : HHH000490: Using JtaPlatform implementation: [org.hibernate.engine.transaction.jta.platform.internal.NoJtaPlatform]
2020-11-19 11:37:24.734  INFO 26897 --- [task-1] j.LocalContainerEntityManagerFactoryBean : Initialized JPA EntityManagerFactory for persistence unit 'default'
2020-11-19 11:37:25.048  INFO 26897 --- [restartedMain] o.s.b.w.embedded.tomcat.TomcatWebServer  : Tomcat started on port(s): 8080 (http) with context path ''
2020-11-19 11:37:25.050  INFO 26897 --- [restartedMain] d.s.w.p.DocumentationPluginsBootstrapper : Context refreshed
2020-11-19 11:37:25.066  INFO 26897 --- [restartedMain] d.s.w.p.DocumentationPluginsBootstrapper : Found 1 custom documentation plugin(s)
2020-11-19 11:37:25.105  INFO 26897 --- [restartedMain] s.d.s.w.s.ApiListingReferenceScanner     : Scanning for api listing references
2020-11-19 11:37:25.345  INFO 26897 --- [restartedMain] .d.s.w.r.o.CachingOperationNameGenerator : Generating unique operation named: createUsingPOST_1
2020-11-19 11:37:25.354  INFO 26897 --- [restartedMain] .d.s.w.r.o.CachingOperationNameGenerator : Generating unique operation named: findByFilterUsingGET_1
2020-11-19 11:37:25.371  INFO 26897 --- [restartedMain] DeferredRepositoryInitializationListener : Triggering deferred initialization of Spring Data repositories…
2020-11-19 11:37:25.860  INFO 26897 --- [restartedMain] DeferredRepositoryInitializationListener : Spring Data repositories initialized!
2020-11-19 11:37:25.880  INFO 26897 --- [restartedMain] c.d.library.api.LibraryApiApplication    : Started LibraryApiApplication in 6.408 seconds (JVM running for 7.689)
2020-11-19 11:37:26.388  INFO 26897 --- [RMI TCP Connection(5)-127.0.0.1] o.a.c.c.C.[Tomcat].[localhost].[/]       : Initializing Spring DispatcherServlet 'dispatcherServlet'
2020-11-19 11:37:26.388  INFO 26897 --- [RMI TCP Connection(5)-127.0.0.1] o.s.web.servlet.DispatcherServlet        : Initializing Servlet 'dispatcherServlet'
2020-11-19 11:37:26.404  INFO 26897 --- [RMI TCP Connection(5)-127.0.0.1] o.s.web.servlet.DispatcherServlet        : Completed initialization in 16 ms
2020-11-19 11:45:01.357  INFO 26897 --- [SpringContextShutdownHook] j.LocalContainerEntityManagerFactoryBean : Closing JPA EntityManagerFactory for persistence unit 'default'
2020-11-19 11:45:01.358  INFO 26897 --- [SpringContextShutdownHook] .SchemaDropperImpl$DelayedDropActionImpl : HHH000477: Starting delayed evictData of schema as part of SessionFactory shut-down'
2020-11-19 11:45:01.369  INFO 26897 --- [SpringContextShutdownHook] o.s.s.c.ThreadPoolTaskScheduler          : Shutting down ExecutorService 'taskScheduler'
2020-11-19 11:45:01.369  INFO 26897 --- [SpringContextShutdownHook] o.s.s.concurrent.ThreadPoolTaskExecutor  : Shutting down ExecutorService 'applicationTaskExecutor'
2020-11-19 11:45:01.589  WARN 26897 --- [SpringContextShutdownHook] o.s.b.f.support.DisposableBeanAdapter    : Invocation of destroy method failed on bean with name 'inMemoryDatabaseShutdownExecutor': org.h2.jdbc.JdbcSQLNonTransientConnectionException: Database is already closed (to disable automatic closing at VM shutdown, add ";DB_CLOSE_ON_EXIT=FALSE" to the db URL) [90121-200]
2020-11-19 11:45:01.590  INFO 26897 --- [SpringContextShutdownHook] com.zaxxer.hikari.HikariDataSource       : HikariPool-1 - Shutdown initiated...
2020-11-19 11:45:01.612  INFO 26897 --- [SpringContextShutdownHook] com.zaxxer.hikari.HikariDataSource       : HikariPool-1 - Shutdown completed.
2020-11-19 11:45:11.151  INFO 27364 --- [restartedMain] c.d.library.api.LibraryApiApplication    : Starting LibraryApiApplication on dailan-Latitude-E6430 with PID 27364 (/home/dailan/projetos/estudo/library-api/target/classes started by dailan in /home/dailan/projetos/estudo/library-api)
2020-11-19 11:45:11.168  INFO 27364 --- [restartedMain] c.d.library.api.LibraryApiApplication    : No active profile set, falling back to default profiles: default
2020-11-19 11:45:11.303  INFO 27364 --- [restartedMain] .e.DevToolsPropertyDefaultsPostProcessor : Devtools property defaults active! Set 'spring.devtools.add-properties' to 'false' to disable
2020-11-19 11:45:11.304  INFO 27364 --- [restartedMain] .e.DevToolsPropertyDefaultsPostProcessor : For additional web related logging consider setting the 'logging.level.web' property to 'DEBUG'
2020-11-19 11:45:12.802  INFO 27364 --- [restartedMain] .s.d.r.c.RepositoryConfigurationDelegate : Bootstrapping Spring Data JPA repositories in DEFERRED mode.
2020-11-19 11:45:12.883  INFO 27364 --- [restartedMain] .s.d.r.c.RepositoryConfigurationDelegate : Finished Spring Data repository scanning in 73ms. Found 2 JPA repository interfaces.
2020-11-19 11:45:13.668  INFO 27364 --- [restartedMain] o.s.b.w.embedded.tomcat.TomcatWebServer  : Tomcat initialized with port(s): 8080 (http)
2020-11-19 11:45:13.677  INFO 27364 --- [restartedMain] o.apache.catalina.core.StandardService   : Starting service [Tomcat]
2020-11-19 11:45:13.677  INFO 27364 --- [restartedMain] org.apache.catalina.core.StandardEngine  : Starting Servlet engine: [Apache Tomcat/9.0.38]
2020-11-19 11:45:13.771  INFO 27364 --- [restartedMain] o.a.c.c.C.[Tomcat].[localhost].[/]       : Initializing Spring embedded WebApplicationContext
2020-11-19 11:45:13.772  INFO 27364 --- [restartedMain] w.s.c.ServletWebServerApplicationContext : Root WebApplicationContext: initialization completed in 2468 ms
2020-11-19 11:45:13.951  INFO 27364 --- [restartedMain] com.zaxxer.hikari.HikariDataSource       : HikariPool-1 - Starting...
2020-11-19 11:45:14.040  INFO 27364 --- [restartedMain] com.zaxxer.hikari.HikariDataSource       : HikariPool-1 - Start completed.
2020-11-19 11:45:14.045  INFO 27364 --- [restartedMain] o.s.b.a.h2.H2ConsoleAutoConfiguration    : H2 console available at '/h2-console'. Database available at 'jdbc:h2:mem:2cbe00ae-db68-42e5-bfd9-bf87ec08f793'
2020-11-19 11:45:14.195  INFO 27364 --- [restartedMain] o.s.s.concurrent.ThreadPoolTaskExecutor  : Initializing ExecutorService 'applicationTaskExecutor'
2020-11-19 11:45:14.210  INFO 27364 --- [restartedMain] o.s.s.c.ThreadPoolTaskScheduler          : Initializing ExecutorService 'taskScheduler'
2020-11-19 11:45:14.248  INFO 27364 --- [task-1] o.hibernate.jpa.internal.util.LogHelper  : HHH000204: Processing PersistenceUnitInfo [name: default]
2020-11-19 11:45:14.320  INFO 27364 --- [task-1] org.hibernate.Version                    : HHH000412: Hibernate ORM core version 5.4.21.Final
2020-11-19 11:45:14.426  INFO 27364 --- [task-1] o.hibernate.annotations.common.Version   : HCANN000001: Hibernate Commons Annotations {5.1.0.Final}
2020-11-19 11:45:14.517  INFO 27364 --- [task-1] org.hibernate.dialect.Dialect            : HHH000400: Using dialect: org.hibernate.dialect.H2Dialect
2020-11-19 11:45:14.620  WARN 27364 --- [restartedMain] JpaBaseConfiguration$JpaWebConfiguration : spring.jpa.open-in-view is enabled by default. Therefore, database queries may be performed during view rendering. Explicitly configure spring.jpa.open-in-view to disable this warning
2020-11-19 11:45:14.923  INFO 27364 --- [restartedMain] o.s.b.a.e.web.EndpointLinksResolver      : Exposing 14 endpoint(s) beneath base path '/actuator'
2020-11-19 11:45:15.023  INFO 27364 --- [restartedMain] pertySourcedRequestMappingHandlerMapping : Mapped URL path [/v2/api-docs] onto method [springfox.documentation.swagger2.web.Swagger2Controller#getDocumentation(String, HttpServletRequest)]
2020-11-19 11:45:15.181  INFO 27364 --- [task-1] o.h.e.t.j.p.i.JtaPlatformInitiator       : HHH000490: Using JtaPlatform implementation: [org.hibernate.engine.transaction.jta.platform.internal.NoJtaPlatform]
2020-11-19 11:45:15.181  INFO 27364 --- [restartedMain] o.s.b.d.a.OptionalLiveReloadServer       : LiveReload server is running on port 35729
2020-11-19 11:45:15.188  INFO 27364 --- [task-1] j.LocalContainerEntityManagerFactoryBean : Initialized JPA EntityManagerFactory for persistence unit 'default'
2020-11-19 11:45:15.441  INFO 27364 --- [restartedMain] o.s.b.w.embedded.tomcat.TomcatWebServer  : Tomcat started on port(s): 8080 (http) with context path ''
2020-11-19 11:45:15.444  INFO 27364 --- [restartedMain] d.s.w.p.DocumentationPluginsBootstrapper : Context refreshed
2020-11-19 11:45:15.458  INFO 27364 --- [restartedMain] d.s.w.p.DocumentationPluginsBootstrapper : Found 1 custom documentation plugin(s)
2020-11-19 11:45:15.495  INFO 27364 --- [restartedMain] s.d.s.w.s.ApiListingReferenceScanner     : Scanning for api listing references
2020-11-19 11:45:15.666  INFO 27364 --- [restartedMain] .d.s.w.r.o.CachingOperationNameGenerator : Generating unique operation named: createUsingPOST_1
2020-11-19 11:45:15.672  INFO 27364 --- [restartedMain] .d.s.w.r.o.CachingOperationNameGenerator : Generating unique operation named: findByFilterUsingGET_1
2020-11-19 11:45:15.686  INFO 27364 --- [restartedMain] DeferredRepositoryInitializationListener : Triggering deferred initialization of Spring Data repositories…
2020-11-19 11:45:16.108  INFO 27364 --- [restartedMain] DeferredRepositoryInitializationListener : Spring Data repositories initialized!
2020-11-19 11:45:16.127  INFO 27364 --- [restartedMain] c.d.library.api.LibraryApiApplication    : Started LibraryApiApplication in 6.079 seconds (JVM running for 7.964)
2020-11-19 11:45:16.591  INFO 27364 --- [RMI TCP Connection(1)-127.0.0.1] o.a.c.c.C.[Tomcat].[localhost].[/]       : Initializing Spring DispatcherServlet 'dispatcherServlet'
2020-11-19 11:45:16.592  INFO 27364 --- [RMI TCP Connection(1)-127.0.0.1] o.s.web.servlet.DispatcherServlet        : Initializing Servlet 'dispatcherServlet'
2020-11-19 11:45:16.602  INFO 27364 --- [RMI TCP Connection(1)-127.0.0.1] o.s.web.servlet.DispatcherServlet        : Completed initialization in 10 ms
2020-11-19 11:51:37.362  INFO 27364 --- [http-nio-8080-exec-1] c.d.l.api.service.impl.BookServiceImpl   : create book for isbn 123
2020-11-19 12:37:32.733  INFO 27364 --- [SpringContextShutdownHook] j.LocalContainerEntityManagerFactoryBean : Closing JPA EntityManagerFactory for persistence unit 'default'
2020-11-19 12:37:32.734  INFO 27364 --- [SpringContextShutdownHook] .SchemaDropperImpl$DelayedDropActionImpl : HHH000477: Starting delayed evictData of schema as part of SessionFactory shut-down'
2020-11-19 12:37:32.748  INFO 27364 --- [SpringContextShutdownHook] o.s.s.c.ThreadPoolTaskScheduler          : Shutting down ExecutorService 'taskScheduler'
2020-11-19 12:37:32.748  INFO 27364 --- [SpringContextShutdownHook] o.s.s.concurrent.ThreadPoolTaskExecutor  : Shutting down ExecutorService 'applicationTaskExecutor'
2020-11-19 12:37:32.965  WARN 27364 --- [SpringContextShutdownHook] o.s.b.f.support.DisposableBeanAdapter    : Invocation of destroy method failed on bean with name 'inMemoryDatabaseShutdownExecutor': org.h2.jdbc.JdbcSQLNonTransientConnectionException: Database is already closed (to disable automatic closing at VM shutdown, add ";DB_CLOSE_ON_EXIT=FALSE" to the db URL) [90121-200]
2020-11-19 12:37:32.967  INFO 27364 --- [SpringContextShutdownHook] com.zaxxer.hikari.HikariDataSource       : HikariPool-1 - Shutdown initiated...
2020-11-19 12:37:32.970  INFO 27364 --- [SpringContextShutdownHook] com.zaxxer.hikari.HikariDataSource       : HikariPool-1 - Shutdown completed.
